\x0960deeaabd7ca77a970e2932d06ec594c902301973041c6d9b1dc2e Not an ip: undefined
\x469fbad36a8a68c5f62f3505ecbe6a461ea262ae20b4de8d39ff08ab Unable to get meta for url: https://can-ada.io/maplepool.json
\x469fbad36a8a68c5f62f3505ecbe6a461ea262ae20b4de8d39ff08ab Unable to get meta for url: https://can-ada.io/maplepool.json
\x469fbad36a8a68c5f62f3505ecbe6a461ea262ae20b4de8d39ff08ab Unable to get meta for url: https://can-ada.io/maplepool.json
\x469fbad36a8a68c5f62f3505ecbe6a461ea262ae20b4de8d39ff08ab Unable to get meta for url: https://can-ada.io/maplepool.json
\x469fbad36a8a68c5f62f3505ecbe6a461ea262ae20b4de8d39ff08ab Unable to get meta for url: https://can-ada.io/maplepool.json
\x469fbad36a8a68c5f62f3505ecbe6a461ea262ae20b4de8d39ff08ab Unable to get meta for url: https://can-ada.io/maplepool.json
\x469fbad36a8a68c5f62f3505ecbe6a461ea262ae20b4de8d39ff08ab Unable to get meta for url: https://can-ada.io/maplepool.json
\x469fbad36a8a68c5f62f3505ecbe6a461ea262ae20b4de8d39ff08ab Unable to get meta for url: https://can-ada.io/maplepool.json
\x469fbad36a8a68c5f62f3505ecbe6a461ea262ae20b4de8d39ff08ab Unable to get meta for url: https://can-ada.io/maplepool.json
\x469fbad36a8a68c5f62f3505ecbe6a461ea262ae20b4de8d39ff08ab Unable to get meta for url: https://can-ada.io/maplepool.json
\xbd24b3372791f401cc029455c44ea77f3c8750ce3b804a354af0ff16 Not an ip: undefined
\x789a856fb8fcfc7e7aeae5e32371a6eef447f667876adc6f74b1f52a Unable to get meta for url: https://neo1pool.github.io/d/poolmeta.json
\xedffe7d318ed16e6a77bfbed0e1b4fd2cecdf33be15909a6282d77bf Unable to get meta for url: https://polypool.io/anod.json
\xedffe7d318ed16e6a77bfbed0e1b4fd2cecdf33be15909a6282d77bf Unable to get meta for url: https://polypool.io/anod.json
\x9292ce1d175530b81bc9b119630649ffc5cb619c2cff0c155c956127 Unable to get meta for url: https://polypool.io/mama.json
\x9292ce1d175530b81bc9b119630649ffc5cb619c2cff0c155c956127 Unable to get meta for url: https://polypool.io/mama.json
\xedffe7d318ed16e6a77bfbed0e1b4fd2cecdf33be15909a6282d77bf Unable to get meta for url: https://polypool.io/poly.json
\xedffe7d318ed16e6a77bfbed0e1b4fd2cecdf33be15909a6282d77bf Unable to get meta for url: https://polypool.io/poly.json
\x469fbad36a8a68c5f62f3505ecbe6a461ea262ae20b4de8d39ff08ab Unable to get meta for url: https://can-ada.io/maplepool.json
\x469fbad36a8a68c5f62f3505ecbe6a461ea262ae20b4de8d39ff08ab Unable to get meta for url: https://can-ada.io/maplepool.json
\x469fbad36a8a68c5f62f3505ecbe6a461ea262ae20b4de8d39ff08ab Unable to get meta for url: https://can-ada.io/maplepool.json
\x469fbad36a8a68c5f62f3505ecbe6a461ea262ae20b4de8d39ff08ab Unable to get meta for url: https://can-ada.io/maplepool.json
\x469fbad36a8a68c5f62f3505ecbe6a461ea262ae20b4de8d39ff08ab Unable to get meta for url: https://can-ada.io/maplepool.json
\xbbbe8bd9d3942563c7cf02e2d605516fb8376e3a49689d9b028cc2ab Unable to get meta for url: https://pegasuspool.info/metadata
\xbbbe8bd9d3942563c7cf02e2d605516fb8376e3a49689d9b028cc2ab Unable to get meta for url: https://pegasuspool.info/metadata
\xbbbe8bd9d3942563c7cf02e2d605516fb8376e3a49689d9b028cc2ab Unable to get meta for url: https://pegasuspool.info/metadata
\xbbbe8bd9d3942563c7cf02e2d605516fb8376e3a49689d9b028cc2ab Unable to get meta for url: https://pegasuspool.info/metadata
\x9138b6f09e8e69c29fdee4e11b147b7ad351aab23fc73a9976907f10 Unable to get meta for url: https://foo.bat/poolmeta.json
\x7d479a2fb245ebb087d8f56b6bf434d7d3a7970997e7da1212b73670 Unable to get meta for url: https://foo.bat/poolmeta.json
\xe29b14719f694767d0faf92f654cf66585bcefd8139bf5a33b7ed181 Unable to get meta for url: https://insalada.io/SALAD.metadata.json
\x844540411ea37a35689620b02570eec2a0e403c1207c92c1b7a4dfa0 Unable to get meta for url: https://www.1percentpool.eu/1PCT1.metadata.json
\x844540411ea37a35689620b02570eec2a0e403c1207c92c1b7a4dfa0 Unable to get meta for url: https://www.1percentpool.eu/1PCT1.metadata.json
\x17a6a1f2fb36d9ef275805db17409af7ab753b9d27bdd41b89510bb9 Unable to get meta for url: https://www.1percentpool.eu/1PCT2.metadata.json
\x17a6a1f2fb36d9ef275805db17409af7ab753b9d27bdd41b89510bb9 Unable to get meta for url: https://www.1percentpool.eu/1PCT2.metadata.json
\x56f78c5478524496790461eefd4d9380f71dfb231358736902648dfe Unable to get meta for url: https://www.1percentpool.eu/1PCT3.metadata.json
\x5996054d52ca51e1825d57e1a28138f2ed957fe5330cd8b5d28af098 Not an ip: undefined
\x1f142bd5512f9ba690cd143eea0742ae32e944f30ffc118650b33c92 Unable to get meta for url: https://mentatpool.com/mntat_meta.json
\x1f142bd5512f9ba690cd143eea0742ae32e944f30ffc118650b33c92 Unable to get meta for url: https://mentatpool.com/mntat_meta.json
\x89eba2781e5cd11ccda6be56503702a39e9941e522f04cd5bba22957 Not an ip: undefined
\x566eb6f2974a521c8105d1d0b08313933d7726515c2e6c38ff447cb0 Unable to get meta for url: https://api.jsonbin.io/b/5f03e5daa62f9b4b27604668
\x0c2e0c5a062389a3fd6fafddae26344d490866d7a34cad981b20f96b Not an ip: undefined
\x374c1852bb8be71a2728c3b3cdc707d047e3055bde189835eff30a18 Unable to get meta for url: https://github.com/DecentralizedReality/M/blob/master/DECNT.json
\x2437ad27ae35fa49013740e9548a010c4965b77909980d9f4685ef68 Unable to get meta for url: https://mars-pool.com/mars.json
\x89eba2781e5cd11ccda6be56503702a39e9941e522f04cd5bba22957 Not an ip: undefined
\x89eba2781e5cd11ccda6be56503702a39e9941e522f04cd5bba22957 Not an ip: undefined
\x3e51a258fba4b64a3c7723ad270e1ceb86216067384b75079463c725 Unable to get meta for url: https://luckypoolclub.github.io/web/LUCK.json
\x1d46e6eaa039ad1d6f4e53200a9c49c6d2693da6207006876455e6e4 Not an ip: undefined
\x1d46e6eaa039ad1d6f4e53200a9c49c6d2693da6207006876455e6e4 Not an ip: undefined
\x1d46e6eaa039ad1d6f4e53200a9c49c6d2693da6207006876455e6e4 Not an ip: undefined
\x1d46e6eaa039ad1d6f4e53200a9c49c6d2693da6207006876455e6e4 Not an ip: undefined
\x1d46e6eaa039ad1d6f4e53200a9c49c6d2693da6207006876455e6e4 Not an ip: undefined
\x2437ad27ae35fa49013740e9548a010c4965b77909980d9f4685ef68 Unable to get meta for url: https://mars-pool.com/mars.json
\xe6ac159ee8063742eadcb48be45f29d9a67b4158439070032f42d10c Unable to get meta for url: https://atlasstakepool.com/wp-content/uploads/2020/07/mn.json
\x0649226025ca5ed18c5d0478527dd8f83b4d0bf49d48df5166715588 Unable to get meta for url: https://www.chill-pool.net/metadata.json
\x0649226025ca5ed18c5d0478527dd8f83b4d0bf49d48df5166715588 Unable to get meta for url: https://www.chill-pool.net/metadata.json
\x0649226025ca5ed18c5d0478527dd8f83b4d0bf49d48df5166715588 Unable to get meta for url: https://www.chill-pool.net/metadata.json
\xed272b8d1587aac41273ee5f7badf5723784fa9676671d7b52b8c746 Unable to get meta for url: https://blackmarlin.io/s/poolmeta.json
\x4a955f3d027dca260e9d810fa09d06897c001e0d150869e8a53df075 Unable to get meta for url: http://vps-635396e1.vps.ovh.net/poolmeta.json
\xb3f9883d3de29971c43e05fdb985281ffee737be0e5669094810ba6b Unable to get meta for url: https://polypool.io/poly2.json
\xb3f9883d3de29971c43e05fdb985281ffee737be0e5669094810ba6b Unable to get meta for url: https://polypool.io/poly2.json
\xb3f9883d3de29971c43e05fdb985281ffee737be0e5669094810ba6b Unable to get meta for url: https://polypool.io/poly2.json
\x05bbc9d838b4c9eab301bfd151de99077899c997cf146abf8436edf2 Unable to get meta for url: https://coconutpool.com/poolmeta.json
\x05bbc9d838b4c9eab301bfd151de99077899c997cf146abf8436edf2 Unable to get meta for url: https://coconutpool.com/poolmeta.json
\xb1fe7ac3669604156c20dcfc08355197af5637c37750d862039670c4 Unable to get meta for url: https://www.chill-pool.net/metadata.json
\xb1fe7ac3669604156c20dcfc08355197af5637c37750d862039670c4 Unable to get meta for url: https://www.chill-pool.net/metadata.json
\x51588318f3e0309016945846d10f8949a1da232551c4dec42641b150 Not an ip: undefined
\x0757fd012a14ba7ec6e4bceaae8e9da56e5b3db38ddaa9578660a9b0 Unable to get meta for url: https://beefstake.com/metadata.json
\x0757fd012a14ba7ec6e4bceaae8e9da56e5b3db38ddaa9578660a9b0 Unable to get meta for url: https://beefstake.com/metadata.json
\xd0bc68eb83d85aace04d977e3bf370fb5625e445235be987429cf5c8 Not an ip: undefined
\xd0bc68eb83d85aace04d977e3bf370fb5625e445235be987429cf5c8 Not an ip: undefined
\xd0bc68eb83d85aace04d977e3bf370fb5625e445235be987429cf5c8 Not an ip: undefined
\x9602e5a298ce8c3aa991f4ed1376fb6f1c381fdb63741b6caa679725 Unable to get meta for url: https://www.milehighstakes.com/poolmeta.json
\x9679eaa0fa242a9cdae4b030e714b66c0119fc9b3f7564b8f03a5316 Unable to get meta for url: https://set_your_webserver_url_here/KAIZN.metadata.json
\x9679eaa0fa242a9cdae4b030e714b66c0119fc9b3f7564b8f03a5316 Unable to get meta for url: https://set_your_webserver_url_here/KAIZN.metadata.json
\x9679eaa0fa242a9cdae4b030e714b66c0119fc9b3f7564b8f03a5316 Unable to get meta for url: https://set_your_webserver_url_here/KAIZN.metadata.json
\x9679eaa0fa242a9cdae4b030e714b66c0119fc9b3f7564b8f03a5316 Unable to get meta for url: https://set_your_webserver_url_here/KAIZN.metadata.json
\x1d46e6eaa039ad1d6f4e53200a9c49c6d2693da6207006876455e6e4 Not an ip: undefined
\x1d46e6eaa039ad1d6f4e53200a9c49c6d2693da6207006876455e6e4 Not an ip: undefined
\x1d46e6eaa039ad1d6f4e53200a9c49c6d2693da6207006876455e6e4 Not an ip: undefined
\x1d46e6eaa039ad1d6f4e53200a9c49c6d2693da6207006876455e6e4 Not an ip: undefined
\x1d46e6eaa039ad1d6f4e53200a9c49c6d2693da6207006876455e6e4 Not an ip: undefined
\x9679eaa0fa242a9cdae4b030e714b66c0119fc9b3f7564b8f03a5316 Unable to get meta for url: https://set_your_webserver_url_here/KAIZN.metadata.json
\x9679eaa0fa242a9cdae4b030e714b66c0119fc9b3f7564b8f03a5316 Unable to get meta for url: https://set_your_webserver_url_here/KAIZN.metadata.json
\x5977a2ca8bbb156c964b2def041bfd456a2f64615415cb6023e3aee0 Not an ip: undefined
\xe29b14719f694767d0faf92f654cf66585bcefd8139bf5a33b7ed181 Unable to get meta for url: https://insalada.io/SALAD.metadata.json
\xe29b14719f694767d0faf92f654cf66585bcefd8139bf5a33b7ed181 Unable to get meta for url: https://insalada.io/SALAD.metadata.json
\x9679eaa0fa242a9cdae4b030e714b66c0119fc9b3f7564b8f03a5316 Unable to get meta for url: https://set_your_webserver_url_here/KAIZN.metadata.json
\x9679eaa0fa242a9cdae4b030e714b66c0119fc9b3f7564b8f03a5316 Unable to get meta for url: https://set_your_webserver_url_here/KAIZN.metadata.json
\x9679eaa0fa242a9cdae4b030e714b66c0119fc9b3f7564b8f03a5316 Unable to get meta for url: https://set_your_webserver_url_here/KAIZN.metadata.json
\x9679eaa0fa242a9cdae4b030e714b66c0119fc9b3f7564b8f03a5316 Unable to get meta for url: https://set_your_webserver_url_here/KAIZN.metadata.json
\xfc21c6ee642559f10d81dbab4894ceb7e667ff6adf0782afd3553858 Unable to get meta for url: https://git.io/JJaIa
\x9679eaa0fa242a9cdae4b030e714b66c0119fc9b3f7564b8f03a5316 Unable to get meta for url: https://set_your_webserver_url_here/KAIZN.metadata.json
\x9679eaa0fa242a9cdae4b030e714b66c0119fc9b3f7564b8f03a5316 Unable to get meta for url: https://set_your_webserver_url_here/KAIZN.metadata.json
\x0960deeaabd7ca77a970e2932d06ec594c902301973041c6d9b1dc2e Not an ip: undefined
\x0960deeaabd7ca77a970e2932d06ec594c902301973041c6d9b1dc2e Not an ip: undefined
\x163cc36624d9332f6ae7770e8df8b8bad7e71711eb6c2ed7971c99d4 Unable to get meta for url: https://set_your_webserver_url_here/KRSNA.metadata.json
\x163cc36624d9332f6ae7770e8df8b8bad7e71711eb6c2ed7971c99d4 Unable to get meta for url: https://set_your_webserver_url_here/KRSNA.metadata.json
\xd4b5b8d5c83e97b2cd90a0fd818f3c9d8e7388bcc7706327a92d2092 Unable to get meta for url: https://ohoh7.chill-pool.net/metadata.json
\xd4b5b8d5c83e97b2cd90a0fd818f3c9d8e7388bcc7706327a92d2092 Unable to get meta for url: https://ohoh7.chill-pool.net/metadata.json
\x96d4a78a1459a66cea6b396fd92f7abba092bd59535d21ad3c0463c7 Unable to get meta for url: https://repo.champada.io/pool.json
\x96d4a78a1459a66cea6b396fd92f7abba092bd59535d21ad3c0463c7 Unable to get meta for url: https://repo.champada.io/pool.json
\x96d4a78a1459a66cea6b396fd92f7abba092bd59535d21ad3c0463c7 Unable to get meta for url: https://repo.champada.io/pool.json
\x96d4a78a1459a66cea6b396fd92f7abba092bd59535d21ad3c0463c7 Unable to get meta for url: https://repo.champada.io/pool.json
\xa8c2869b1d723c29018f37fc58cefbfe7da9e874b033192b6c659a8a Unable to get meta for url: https://yasp.club/poolmeta.json
\xa8c2869b1d723c29018f37fc58cefbfe7da9e874b033192b6c659a8a Unable to get meta for url: https://yasp.club/poolmeta.json
\xa8c2869b1d723c29018f37fc58cefbfe7da9e874b033192b6c659a8a Unable to get meta for url: https://yasp.club/poolmeta.json
\xa8c2869b1d723c29018f37fc58cefbfe7da9e874b033192b6c659a8a Unable to get meta for url: https://yasp.club/poolmeta.json
\x96d4a78a1459a66cea6b396fd92f7abba092bd59535d21ad3c0463c7 Unable to get meta for url: https://repo.champada.io/pool.json
\x96d4a78a1459a66cea6b396fd92f7abba092bd59535d21ad3c0463c7 Unable to get meta for url: https://repo.champada.io/pool.json
\x96d4a78a1459a66cea6b396fd92f7abba092bd59535d21ad3c0463c7 Unable to get meta for url: https://repo.champada.io/pool.json
\x96d4a78a1459a66cea6b396fd92f7abba092bd59535d21ad3c0463c7 Unable to get meta for url: https://repo.champada.io/pool.json
\x96d4a78a1459a66cea6b396fd92f7abba092bd59535d21ad3c0463c7 Unable to get meta for url: https://repo.champada.io/pool.json
\x96d4a78a1459a66cea6b396fd92f7abba092bd59535d21ad3c0463c7 Unable to get meta for url: https://repo.champada.io/pool.json
\x96d4a78a1459a66cea6b396fd92f7abba092bd59535d21ad3c0463c7 Unable to get meta for url: https://repo.champada.io/pool.json
\x96d4a78a1459a66cea6b396fd92f7abba092bd59535d21ad3c0463c7 Unable to get meta for url: https://repo.champada.io/pool.json
\x3ff07e18839f383c8fd71fbc605cf1c075af4ba2fa2f95032b609206 Unable to get meta for url: https://tinyurl.com/y3d8j9ry
\x00f52def8702b95aa04451ba3dcec0f3f0f4205e54e77f781bcb3fa5 Unable to get meta for url: https://sparkadapool.eu/spark-pool-metadata.json
\xfc4697dcf0d25ae3a2ac21c08f25d173a4793771ba1ee738989b2473 Unable to get meta for url: https://www.wallstreetstaking.com/poolmeta.json
\x1837b2a379fb455215d78e9d93e2e94efafd2431859aabdb29e9a73b Unable to get meta for url: https://adapool.tech/poolmeta.json
\x1837b2a379fb455215d78e9d93e2e94efafd2431859aabdb29e9a73b Unable to get meta for url: https://adapool.tech/poolmeta.json
\x03836e2e21474489420ce67e01c863e07402210d5881232ac41eec7f Unable to get meta for url: https://lolz.wtf/mainnet/pool.json
\x52e22df52e90370f639c99f5c760f0cd67d7f871cd0d0764fae47cd9 Unable to get meta for url: https://www.osterlindh.com/swed/swedmeta.json
\x52e22df52e90370f639c99f5c760f0cd67d7f871cd0d0764fae47cd9 Unable to get meta for url: https://www.osterlindh.com/swed/swedmeta.json
\x96d4a78a1459a66cea6b396fd92f7abba092bd59535d21ad3c0463c7 Unable to get meta for url: https://repo.champada.io/meta-data.json
\x96d4a78a1459a66cea6b396fd92f7abba092bd59535d21ad3c0463c7 Unable to get meta for url: https://repo.champada.io/meta-data.json
\x96d4a78a1459a66cea6b396fd92f7abba092bd59535d21ad3c0463c7 Unable to get meta for url: https://repo.champada.io/meta-data.json
\x96d4a78a1459a66cea6b396fd92f7abba092bd59535d21ad3c0463c7 Unable to get meta for url: https://repo.champada.io/meta-data.json
\x31155cfabfb1a7c7e367b87cfc25b6681322836aa56ae5ef37d41c08 Unable to get meta for url: https://nybitcoinacademy.com/pool
\x1837b2a379fb455215d78e9d93e2e94efafd2431859aabdb29e9a73b Unable to get meta for url: https://adapool.tech/poolmeta.json
\x1837b2a379fb455215d78e9d93e2e94efafd2431859aabdb29e9a73b Unable to get meta for url: https://adapool.tech/poolmeta.json
\x31155cfabfb1a7c7e367b87cfc25b6681322836aa56ae5ef37d41c08 Unable to get meta for url: https://nybitcoinacademy.com/s/poolmeta.json
\x8e9c37a1516b8adee6dc20168b475a611db86b79cc0280ee376a3860 Not an ip: undefined
\x05bbc9d838b4c9eab301bfd151de99077899c997cf146abf8436edf2 Unable to get meta for url: https://coconutpool.com/poolmeta.json
\x05bbc9d838b4c9eab301bfd151de99077899c997cf146abf8436edf2 Unable to get meta for url: https://coconutpool.com/poolmeta.json
\x05bbc9d838b4c9eab301bfd151de99077899c997cf146abf8436edf2 Unable to get meta for url: https://coconutpool.com/poolmeta.json
\x05bbc9d838b4c9eab301bfd151de99077899c997cf146abf8436edf2 Unable to get meta for url: https://coconutpool.com/poolmeta.json
\x05bbc9d838b4c9eab301bfd151de99077899c997cf146abf8436edf2 Unable to get meta for url: https://coconutpool.com/poolmeta.json
\x05bbc9d838b4c9eab301bfd151de99077899c997cf146abf8436edf2 Unable to get meta for url: https://coconutpool.com/poolmeta.json
\x9f82e933a6b8ee495147bee8d590dbb3763c6f21afe5f7e8064d846f Unable to get meta for url: https://git.io/JJaXH
\x05bbc9d838b4c9eab301bfd151de99077899c997cf146abf8436edf2 Unable to get meta for url: https://coconutpool.com/poolmeta.json
\x05bbc9d838b4c9eab301bfd151de99077899c997cf146abf8436edf2 Unable to get meta for url: https://coconutpool.com/poolmeta.json
\x05bbc9d838b4c9eab301bfd151de99077899c997cf146abf8436edf2 Unable to get meta for url: https://coconutpool.com/poolmeta.json
\x05bbc9d838b4c9eab301bfd151de99077899c997cf146abf8436edf2 Unable to get meta for url: https://coconutpool.com/poolmeta.json
\xd4b5b8d5c83e97b2cd90a0fd818f3c9d8e7388bcc7706327a92d2092 Unable to get meta for url: https://ohoh7.chill-pool.net/metadata.json
\xd4b5b8d5c83e97b2cd90a0fd818f3c9d8e7388bcc7706327a92d2092 Unable to get meta for url: https://ohoh7.chill-pool.net/metadata.json
\x4c42b9e5820a1d23455d17a9cf4d77a151601b34bd01f69f5d3b36f9 Unable to get meta for url: https://git.io/JJVe8
\x67252e8f1717968ce146e8bac1c3af19d634c79a3d5ff44c0a0d6cd8 Unable to get meta for url: https://yoyo-cardano.yoyojyv.com/poolmeta.json
\xe9ef42e5fe6e45c46565d601cf66e9006d84bfb7fa8ace69afd0ad5e dns request exceed 3000ms
\xa24a0b7f7dec890db8c59c47646290522234a522a98f00cf2d589a80 Unable to get meta for url: https://raw.githubusercontent.com/weqanhet/we/master/WEQNT.json
\x1f142bd5512f9ba690cd143eea0742ae32e944f30ffc118650b33c92 Unable to get meta for url: https://mentatpool.com/mntat_meta.json
\x1f142bd5512f9ba690cd143eea0742ae32e944f30ffc118650b33c92 Unable to get meta for url: https://mentatpool.com/mntat_meta.json
\xedffe7d318ed16e6a77bfbed0e1b4fd2cecdf33be15909a6282d77bf Unable to get meta for url: https://polypool.io/poly.json
\xedffe7d318ed16e6a77bfbed0e1b4fd2cecdf33be15909a6282d77bf Unable to get meta for url: https://polypool.io/poly.json
\xedffe7d318ed16e6a77bfbed0e1b4fd2cecdf33be15909a6282d77bf Unable to get meta for url: https://polypool.io/poly.json
\xedffe7d318ed16e6a77bfbed0e1b4fd2cecdf33be15909a6282d77bf Unable to get meta for url: https://polypool.io/poly.json
\xb3f9883d3de29971c43e05fdb985281ffee737be0e5669094810ba6b Unable to get meta for url: https://polypool.io/poly2.json
\xb3f9883d3de29971c43e05fdb985281ffee737be0e5669094810ba6b Unable to get meta for url: https://polypool.io/poly2.json
\xb3f9883d3de29971c43e05fdb985281ffee737be0e5669094810ba6b Unable to get meta for url: https://polypool.io/poly2.json
\xb3f9883d3de29971c43e05fdb985281ffee737be0e5669094810ba6b Unable to get meta for url: https://polypool.io/poly2.json
\x03836e2e21474489420ce67e01c863e07402210d5881232ac41eec7f Unable to get meta for url: https://lolz.wtf/mainnet/pool.json
\x1f142bd5512f9ba690cd143eea0742ae32e944f30ffc118650b33c92 Unable to get meta for url: https://mentatpool.com/mntat_meta.json
\x1f142bd5512f9ba690cd143eea0742ae32e944f30ffc118650b33c92 Unable to get meta for url: https://mentatpool.com/mntat_meta.json
\x1f142bd5512f9ba690cd143eea0742ae32e944f30ffc118650b33c92 Unable to get meta for url: https://mentatpool.com/mntat_meta2.json
\x1f142bd5512f9ba690cd143eea0742ae32e944f30ffc118650b33c92 Unable to get meta for url: https://mentatpool.com/mntat_meta2.json
\x1f142bd5512f9ba690cd143eea0742ae32e944f30ffc118650b33c92 Unable to get meta for url: https://mentatpool.com/mntat_meta2.json
\x1f142bd5512f9ba690cd143eea0742ae32e944f30ffc118650b33c92 Unable to get meta for url: https://mentatpool.com/mntat_meta2.json
\xc3873de6c0d392ba68347d1f4c20b93839fe0c75b974e9b677281308 Unable to get meta for url: file://./korleonePool.json
\x4b4e09f1acb8957ecff8c36091b9a6dedce48c9df8f64d7744d2b080 Unable to get meta for url: https://mostaking.com/cardano-json
\x1f142bd5512f9ba690cd143eea0742ae32e944f30ffc118650b33c92 Unable to get meta for url: https://mentatpool.com/mntat_meta.json
\x1f142bd5512f9ba690cd143eea0742ae32e944f30ffc118650b33c92 Unable to get meta for url: https://mentatpool.com/mntat_meta.json
\xe151c6e13d6e6ffe8ed7a99ab40d31164592f8fb1ceeb1b24db49d2f Unable to get meta for url: http://nocentralauthority.com/namra/poolmeta.json
\xe151c6e13d6e6ffe8ed7a99ab40d31164592f8fb1ceeb1b24db49d2f Unable to get meta for url: http://nocentralauthority.com/namra/poolmeta.json
\xe151c6e13d6e6ffe8ed7a99ab40d31164592f8fb1ceeb1b24db49d2f Unable to get meta for url: http://nocentralauthority.com/namra/poolmeta.json
\xe151c6e13d6e6ffe8ed7a99ab40d31164592f8fb1ceeb1b24db49d2f Unable to get meta for url: http://nocentralauthority.com/namra/poolmeta.json
\xe29b14719f694767d0faf92f654cf66585bcefd8139bf5a33b7ed181 Unable to get meta for url: https://insalada.io/SALAD.metadata.json
\xca6475b755a0a31d8cf77b9d42520ff8b5274bd9a5712aed95ac14ad Unable to get meta for url: https://www.abba-staking.com/poolmeta.json
\x03836e2e21474489420ce67e01c863e07402210d5881232ac41eec7f Unable to get meta for url: https://lolz.wtf/mainnet/pool.json
\x9679eaa0fa242a9cdae4b030e714b66c0119fc9b3f7564b8f03a5316 Unable to get meta for url: https://set_your_webserver_url_here/KAIZN.metadata.json
\x9679eaa0fa242a9cdae4b030e714b66c0119fc9b3f7564b8f03a5316 Unable to get meta for url: https://set_your_webserver_url_here/KAIZN.metadata.json
\x9679eaa0fa242a9cdae4b030e714b66c0119fc9b3f7564b8f03a5316 Unable to get meta for url: https://set_your_webserver_url_here/KAIZN.metadata.json
\xbb0dbf7a5437382357ac1cd52b79b980203884c085924584c27e5550 Unable to get meta for url: http://
\xedffe7d318ed16e6a77bfbed0e1b4fd2cecdf33be15909a6282d77bf Unable to get meta for url: https://polypool.io/poly.json
\xedffe7d318ed16e6a77bfbed0e1b4fd2cecdf33be15909a6282d77bf Unable to get meta for url: https://polypool.io/poly.json
\xedffe7d318ed16e6a77bfbed0e1b4fd2cecdf33be15909a6282d77bf Unable to get meta for url: https://polypool.io/poly.json
\xedffe7d318ed16e6a77bfbed0e1b4fd2cecdf33be15909a6282d77bf Unable to get meta for url: https://polypool.io/poly.json
\xdf983a6e50640eab5e840968119614737ed4a9871e87b0b0e2a78813 Unable to get meta for url: https://foo.bat/poolmeta.json
\xdf983a6e50640eab5e840968119614737ed4a9871e87b0b0e2a78813 Unable to get meta for url: https://foo.bat/poolmeta.json
\xbd24b3372791f401cc029455c44ea77f3c8750ce3b804a354af0ff16 Not an ip: undefined
\xdf983a6e50640eab5e840968119614737ed4a9871e87b0b0e2a78813 Unable to get meta for url: https://foo.bat/poolmeta.json
\xdf983a6e50640eab5e840968119614737ed4a9871e87b0b0e2a78813 Unable to get meta for url: https://foo.bat/poolmeta.json
\x0960deeaabd7ca77a970e2932d06ec594c902301973041c6d9b1dc2e Not an ip: undefined
\x0960deeaabd7ca77a970e2932d06ec594c902301973041c6d9b1dc2e Not an ip: undefined
\xbd24b3372791f401cc029455c44ea77f3c8750ce3b804a354af0ff16 Not an ip: undefined
\x0960deeaabd7ca77a970e2932d06ec594c902301973041c6d9b1dc2e Not an ip: undefined
\xbd24b3372791f401cc029455c44ea77f3c8750ce3b804a354af0ff16 Not an ip: undefined
\xbd24b3372791f401cc029455c44ea77f3c8750ce3b804a354af0ff16 Not an ip: undefined
\x5c509eb80b85bb3c2b80be62d6eb3814dcdcf762c1d2ca2446a6e4c9 Unable to get meta for url: https://yasp.club/poolmeta1.json
\x5c509eb80b85bb3c2b80be62d6eb3814dcdcf762c1d2ca2446a6e4c9 Unable to get meta for url: https://yasp.club/poolmeta1.json
\x89eba2781e5cd11ccda6be56503702a39e9941e522f04cd5bba22957 Not an ip: undefined
\xa7ce13b0e41364cfc59bfe81d499ee412b6d2cb13cbef01155743e87 Unable to get meta for url: https://thesavvyadapool.com
\xe29b14719f694767d0faf92f654cf66585bcefd8139bf5a33b7ed181 Unable to get meta for url: https://insalada.io/SALAD.metadata.json
\xbd24b3372791f401cc029455c44ea77f3c8750ce3b804a354af0ff16 Not an ip: undefined
\x00f52def8702b95aa04451ba3dcec0f3f0f4205e54e77f781bcb3fa5 Unable to get meta for url: https://sparkadapool.eu/spark-pool-metadata.json
\x00f52def8702b95aa04451ba3dcec0f3f0f4205e54e77f781bcb3fa5 Unable to get meta for url: https://sparkadapool.eu/spark-pool-metadata.json
\xd4b5b8d5c83e97b2cd90a0fd818f3c9d8e7388bcc7706327a92d2092 Unable to get meta for url: https://ohoh7.github.io/metadata.json
\xd4b5b8d5c83e97b2cd90a0fd818f3c9d8e7388bcc7706327a92d2092 Unable to get meta for url: https://ohoh7.github.io/metadata.json
\xd4b5b8d5c83e97b2cd90a0fd818f3c9d8e7388bcc7706327a92d2092 Unable to get meta for url: https://ohoh7.github.io/metadata.json
\xd4b5b8d5c83e97b2cd90a0fd818f3c9d8e7388bcc7706327a92d2092 Unable to get meta for url: https://ohoh7.github.io/metadata.json
\x1918d67ca2ea2d29e0c747d2dda6546f1263ba3db310ebcd1777e845 Unable to get meta for url: https://asada.io/poolmeta.json
\x89eba2781e5cd11ccda6be56503702a39e9941e522f04cd5bba22957 Not an ip: undefined
\x1918d67ca2ea2d29e0c747d2dda6546f1263ba3db310ebcd1777e845 Unable to get meta for url: https://asada.io/poolmeta.json
\x89eba2781e5cd11ccda6be56503702a39e9941e522f04cd5bba22957 Not an ip: undefined
\x1940494163c3e8f9c907fefce31287f5768e454a613f29adb0dd0083 Unable to get meta for url: https://cardanpool.github.io/poolmeta.json
\xfef2921a96ef6f18e4f71051bf1d205dee89483a5795fabd0f69b9f7 Unable to get meta for url: https://github.com/admincardanopool/metadata/poolMetaData.json
\xe0e573565164437ffd11e7030d226951b98bc3710049517a8d379037 Unable to get meta for url: https://healthystake.com/pool/poolMetadata.json
\xe0e573565164437ffd11e7030d226951b98bc3710049517a8d379037 Unable to get meta for url: https://healthystake.com/pool/poolMetadata.json
\xe0e573565164437ffd11e7030d226951b98bc3710049517a8d379037 Unable to get meta for url: https://healthystake.com/pool/poolMetadata.json
\x1940494163c3e8f9c907fefce31287f5768e454a613f29adb0dd0083 Unable to get meta for url: https://cardanpool.github.io/poolmeta.json
\xaf22f95915a19cd57adb14c558dcc4a175f60c6193dc23b8bd2d8beb Not an ip: undefined
\x04357793d81097a7d2c15ec6cd6067a58cdd2fb21aaf07e56c306ecf Not an ip: undefined
\xc34a7f59c556633dc88ec25c9743c5ebca3705e179a54db5638941cb Not an ip: undefined
\xc5293f2ba88ac474787358b9c2f4fae7b3c4408f79cdf89a12c9ece4 Not an ip: undefined
\xdf1750df9b2df285fcfb50f4740657a18ee3af42727d410c37b86207 Not an ip: undefined
\xbcc34d3c45cd3b8770c75c91c3023a9146aa505c4bd5cf094dae9acc Not an ip: undefined
\xbc06939875c121b22df4f3c8b55192edcfaf7a2cc14b7386071d3c46 Unable to get meta for url: https://
\xe29b14719f694767d0faf92f654cf66585bcefd8139bf5a33b7ed181 Unable to get meta for url: https://insalada.io/SALAD.metadata.json
\xa076d1ea6e8a35bdafc3ca3290abe334672edde80ba1306fc5ae2ae8 Unable to get meta for url: https://bit.y/2EBtB0C
\xe29b14719f694767d0faf92f654cf66585bcefd8139bf5a33b7ed181 Unable to get meta for url: https://insalada.io/SALAD.metadata.json
\xe29b14719f694767d0faf92f654cf66585bcefd8139bf5a33b7ed181 Unable to get meta for url: https://insalada.io/SALAD.metadata.json
\x52e22df52e90370f639c99f5c760f0cd67d7f871cd0d0764fae47cd9 Unable to get meta for url: https://www.osterlindh.com/swed/swedmeta.json
\x52e22df52e90370f639c99f5c760f0cd67d7f871cd0d0764fae47cd9 Unable to get meta for url: https://www.osterlindh.com/swed/swedmeta.json
\x9292ce1d175530b81bc9b119630649ffc5cb619c2cff0c155c956127 Unable to get meta for url: https://polypool.io/mama.json
\x9292ce1d175530b81bc9b119630649ffc5cb619c2cff0c155c956127 Unable to get meta for url: https://polypool.io/mama.json
\x9292ce1d175530b81bc9b119630649ffc5cb619c2cff0c155c956127 Unable to get meta for url: https://polypool.io/mama.json
\x9292ce1d175530b81bc9b119630649ffc5cb619c2cff0c155c956127 Unable to get meta for url: https://polypool.io/mama.json
\x52e22df52e90370f639c99f5c760f0cd67d7f871cd0d0764fae47cd9 Unable to get meta for url: https://www.osterlindh.com/swed/swedmeta.json
\x52e22df52e90370f639c99f5c760f0cd67d7f871cd0d0764fae47cd9 Unable to get meta for url: https://www.osterlindh.com/swed/swedmeta.json
\x52e22df52e90370f639c99f5c760f0cd67d7f871cd0d0764fae47cd9 Unable to get meta for url: https://www.osterlindh.com/swed/swedmeta.json
\x52e22df52e90370f639c99f5c760f0cd67d7f871cd0d0764fae47cd9 Unable to get meta for url: https://www.osterlindh.com/swed/swedmeta.json
\xe29b14719f694767d0faf92f654cf66585bcefd8139bf5a33b7ed181 Unable to get meta for url: https://insalada.io/SALAD.metadata.json
\x9292ce1d175530b81bc9b119630649ffc5cb619c2cff0c155c956127 Unable to get meta for url: https://polypool.io/mama.json
\x9292ce1d175530b81bc9b119630649ffc5cb619c2cff0c155c956127 Unable to get meta for url: https://polypool.io/mama.json
\x9292ce1d175530b81bc9b119630649ffc5cb619c2cff0c155c956127 Unable to get meta for url: https://polypool.io/mama.json
\x9292ce1d175530b81bc9b119630649ffc5cb619c2cff0c155c956127 Unable to get meta for url: https://polypool.io/mama.json
\xedffe7d318ed16e6a77bfbed0e1b4fd2cecdf33be15909a6282d77bf Unable to get meta for url: https://polypool.io/poly.json
\xedffe7d318ed16e6a77bfbed0e1b4fd2cecdf33be15909a6282d77bf Unable to get meta for url: https://polypool.io/poly.json
\xedffe7d318ed16e6a77bfbed0e1b4fd2cecdf33be15909a6282d77bf Unable to get meta for url: https://polypool.io/poly.json
\xedffe7d318ed16e6a77bfbed0e1b4fd2cecdf33be15909a6282d77bf Unable to get meta for url: https://polypool.io/poly.json
\xb3f9883d3de29971c43e05fdb985281ffee737be0e5669094810ba6b Unable to get meta for url: https://polypool.io/poly2.json
\xb3f9883d3de29971c43e05fdb985281ffee737be0e5669094810ba6b Unable to get meta for url: https://polypool.io/poly2.json
\xb3f9883d3de29971c43e05fdb985281ffee737be0e5669094810ba6b Unable to get meta for url: https://polypool.io/poly2.json
\xb3f9883d3de29971c43e05fdb985281ffee737be0e5669094810ba6b Unable to get meta for url: https://polypool.io/poly2.json
\x1f142bd5512f9ba690cd143eea0742ae32e944f30ffc118650b33c92 Unable to get meta for url: https://mentatpool.com/mntat_meta3.json
\x1f142bd5512f9ba690cd143eea0742ae32e944f30ffc118650b33c92 Unable to get meta for url: https://mentatpool.com/mntat_meta3.json
\x1f142bd5512f9ba690cd143eea0742ae32e944f30ffc118650b33c92 Unable to get meta for url: https://mentatpool.com/mntat_meta3.json
\xefcd84c9ec1d7f034a8d5cee057fa246f4a1698298c6fc00616269f6 Unable to get meta for url: https://certified.io/pools/pool1Metadata.json
\x52e22df52e90370f639c99f5c760f0cd67d7f871cd0d0764fae47cd9 Unable to get meta for url: https://www.osterlindh.com/swed/swedmeta.json
\x52e22df52e90370f639c99f5c760f0cd67d7f871cd0d0764fae47cd9 Unable to get meta for url: https://www.osterlindh.com/swed/swedmeta.json
\x52e22df52e90370f639c99f5c760f0cd67d7f871cd0d0764fae47cd9 Unable to get meta for url: https://www.osterlindh.com/swed/swedmeta.json
\x52e22df52e90370f639c99f5c760f0cd67d7f871cd0d0764fae47cd9 Unable to get meta for url: https://www.osterlindh.com/swed/swedmeta.json
\xefcd84c9ec1d7f034a8d5cee057fa246f4a1698298c6fc00616269f6 Unable to get meta for url: https://certified.io/pools/pool1Metadata.json
\xefcd84c9ec1d7f034a8d5cee057fa246f4a1698298c6fc00616269f6 Unable to get meta for url: https://certified.io/pools/pool1Metadata.json
\xefcd84c9ec1d7f034a8d5cee057fa246f4a1698298c6fc00616269f6 Unable to get meta for url: https://certified.io/pools/pool1Metadata.json
\xefcd84c9ec1d7f034a8d5cee057fa246f4a1698298c6fc00616269f6 Unable to get meta for url: https://certified.io/pools/pool1Metadata.json
\x19cb138eab81d3559e70094df2b6cb1742bf275e920300d5c3972253 Unable to get meta for url: https://bit.ly/30pqOQO
\x19cb138eab81d3559e70094df2b6cb1742bf275e920300d5c3972253 Unable to get meta for url: https://bit.ly/30pqOQO
\xfd9f7e46723207d8e7684f7d1568f9f9ca011179c252f488453abac6 Unable to get meta for url: https://www.mirabilia.com/poolmeta.json
\xfd9f7e46723207d8e7684f7d1568f9f9ca011179c252f488453abac6 Unable to get meta for url: https://www.mirabilia.com/poolmeta.json
\xe2eed9f58a161573050ab9324252b4fcccbf9fe06e1a034b6f91d748 Unable to get meta for url: https://www.adastrong.com/meta/p1/poolMetaDatajson
\xe2eed9f58a161573050ab9324252b4fcccbf9fe06e1a034b6f91d748 Unable to get meta for url: https://www.adastrong.com/meta/p1/poolMetaDatajson
\x9ac6f4118dccc20d978e7239d73d47e939cc594c350effa8711f5ac4 Unable to get meta for url: https://github.com/cryptofay/meta/blob/master/meta.json
\x1940494163c3e8f9c907fefce31287f5768e454a613f29adb0dd0083 Unable to get meta for url: https://cardanpool.github.io/poolmeta.json
\x9602e5a298ce8c3aa991f4ed1376fb6f1c381fdb63741b6caa679725 Unable to get meta for url: https://www.milehighstakes.com/poolmeta.json
\x1f142bd5512f9ba690cd143eea0742ae32e944f30ffc118650b33c92 Unable to get meta for url: https://mentatpool.com/mntat_meta3.json
\x1f142bd5512f9ba690cd143eea0742ae32e944f30ffc118650b33c92 Unable to get meta for url: https://mentatpool.com/mntat_meta3.json
\x1f142bd5512f9ba690cd143eea0742ae32e944f30ffc118650b33c92 Unable to get meta for url: https://mentatpool.com/mntat_meta3.json
\x1f142bd5512f9ba690cd143eea0742ae32e944f30ffc118650b33c92 Unable to get meta for url: https://mentatpool.com/mntat_meta3.json
\x1f142bd5512f9ba690cd143eea0742ae32e944f30ffc118650b33c92 Unable to get meta for url: https://mentatpool.com/mntat_meta3.json
\x1f142bd5512f9ba690cd143eea0742ae32e944f30ffc118650b33c92 Unable to get meta for url: https://mentatpool.com/mntat_meta3.json
\x654d96593e499e70889eeae16a15ad8682f8349fd1b77726bbbf8a6d Not an ip: undefined
\xe0e573565164437ffd11e7030d226951b98bc3710049517a8d379037 Unable to get meta for url: https://healthystake.com/pool/poolMetadata.json
\x1940494163c3e8f9c907fefce31287f5768e454a613f29adb0dd0083 Unable to get meta for url: https://cardanpool.github.io/poolmeta.json
\x1940494163c3e8f9c907fefce31287f5768e454a613f29adb0dd0083 Unable to get meta for url: https://cardanpool.github.io/poolmeta.json
\x75f7b7dec6e4c973407a6a64132961635f405f2c3a9ff31598db01da Unable to get meta for url: https://www.onecommunityada.com/onecommunity_poolmeta.json
\x75f7b7dec6e4c973407a6a64132961635f405f2c3a9ff31598db01da Unable to get meta for url: https://www.onecommunityada.com/onecommunity_poolmeta.json
\x1940494163c3e8f9c907fefce31287f5768e454a613f29adb0dd0083 Unable to get meta for url: https://cardanpool.github.io/poolmeta.json
\x75f7b7dec6e4c973407a6a64132961635f405f2c3a9ff31598db01da Unable to get meta for url: https://www.onecommunityada.com/onecommunity_poolmeta.json
\x75f7b7dec6e4c973407a6a64132961635f405f2c3a9ff31598db01da Unable to get meta for url: https://www.onecommunityada.com/onecommunity_poolmeta.json
\x1940494163c3e8f9c907fefce31287f5768e454a613f29adb0dd0083 Unable to get meta for url: https://cardanpool.github.io/poolmeta.json
\xb5b762b66218e4b9c3325ac8dce360d44d5686df9f9e44ff2dee5b39 Not an ip: undefined
\x7874e696cf4baca102c098067ca483f2370d2bdc958ad322dadf650b Not an ip: undefined
\x2e1721d12bf5202897579bd69d4e15b928e2fcb20aa578ecfb36bb86 Unable to get meta for url: https://ww2.poolforlovelace.me/LPFpool.json
\x039a94f0e1106857118e448297db4d6d33faded2618f74432e31d1fa Unable to get meta for url: https://gist.github.com/Hme89/5d10a2cb7cab29d45bc8755de3890d99
\x05bbc9d838b4c9eab301bfd151de99077899c997cf146abf8436edf2 Unable to get meta for url: https://coconutpool.com/poolmeta.json
\x05bbc9d838b4c9eab301bfd151de99077899c997cf146abf8436edf2 Unable to get meta for url: https://coconutpool.com/poolmeta.json
\x19958cbebbc90524bbc05c022fd8f73ea369527775aeb87a5dab1618 Unable to get meta for url: https://iacode.net/poolmeta.json
\x19958cbebbc90524bbc05c022fd8f73ea369527775aeb87a5dab1618 Unable to get meta for url: https://iacode.net/poolmeta.json
\xefcd84c9ec1d7f034a8d5cee057fa246f4a1698298c6fc00616269f6 Unable to get meta for url: https://certified.io/pools/pool1Metadata.json
\xefcd84c9ec1d7f034a8d5cee057fa246f4a1698298c6fc00616269f6 Unable to get meta for url: https://certified.io/pools/pool1Metadata.json
\xefcd84c9ec1d7f034a8d5cee057fa246f4a1698298c6fc00616269f6 Unable to get meta for url: https://certified.io/pools/pool1Metadata.json
\xefcd84c9ec1d7f034a8d5cee057fa246f4a1698298c6fc00616269f6 Unable to get meta for url: https://certified.io/pools/pool1Metadata.json
\xfb377ccd85a754a25a6a90a1884750dd828409762b6e89fff1791f8d Unable to get meta for url: https://github.com/YacoubaCisse/metadata/blob/master/metad.json
\x33804ceb7f4add2479faee0544c802f2369a81a4c94a284bef8f6a3e Not an ip: undefined
\x33804ceb7f4add2479faee0544c802f2369a81a4c94a284bef8f6a3e Not an ip: undefined
\xefcd84c9ec1d7f034a8d5cee057fa246f4a1698298c6fc00616269f6 Unable to get meta for url: https://certified.io/pools/pool1Metadata.json
\x039a94f0e1106857118e448297db4d6d33faded2618f74432e31d1fa Unable to get meta for url: https://gist.github.com/Hme89/5d10a2cb7cab29d45bc8755de3890d99
\x3cccaa9af6c65d911983921a1594285e8a1ca467a6ce0e9d2d936bbd Unable to get meta for url: https://cardanostakeada.com/poolmeta.sh
\x3cccaa9af6c65d911983921a1594285e8a1ca467a6ce0e9d2d936bbd Unable to get meta for url: https://cardanostakeada.com/poolmeta.sh
\x3cccaa9af6c65d911983921a1594285e8a1ca467a6ce0e9d2d936bbd Unable to get meta for url: https://cardanostakeada.com/poolmeta.sh
\x3cccaa9af6c65d911983921a1594285e8a1ca467a6ce0e9d2d936bbd Unable to get meta for url: https://cardanostakeada.com/poolmeta.sh
\x3cccaa9af6c65d911983921a1594285e8a1ca467a6ce0e9d2d936bbd Unable to get meta for url: https://cardanostakeada.com/poolmeta.sh
\x3cccaa9af6c65d911983921a1594285e8a1ca467a6ce0e9d2d936bbd Unable to get meta for url: https://cardanostakeada.com/poolmeta.sh
\x3cccaa9af6c65d911983921a1594285e8a1ca467a6ce0e9d2d936bbd Unable to get meta for url: https://cardanostakeada.com/poolmeta.sh
\x3cccaa9af6c65d911983921a1594285e8a1ca467a6ce0e9d2d936bbd Unable to get meta for url: https://cardanostakeada.com/poolmeta.sh
\x3cccaa9af6c65d911983921a1594285e8a1ca467a6ce0e9d2d936bbd Unable to get meta for url: https://cardanostakeada.com/poolmeta.sh
\x3cccaa9af6c65d911983921a1594285e8a1ca467a6ce0e9d2d936bbd Unable to get meta for url: https://cardanostakeada.com/poolmeta.sh
\x3cccaa9af6c65d911983921a1594285e8a1ca467a6ce0e9d2d936bbd Unable to get meta for url: https://cardanostakeada.com/poolmeta.sh
\x3cccaa9af6c65d911983921a1594285e8a1ca467a6ce0e9d2d936bbd Unable to get meta for url: https://cardanostakeada.com/poolmeta.sh
